========================================================
Loading environment modules...
Environment loaded.

========================================================
Job ID: 5707
Node: gpuh13
Start time: 2025年 12月 17日 星期三 15:13:45 CST
Command: python vca/build_database/scene_merge.py
========================================================
'(MaxRetryError("HTTPSConnectionPool(host='hf-mirror.com', port=443): Max retries exceeded with url: /sentence-transformers/all-MiniLM-L6-v2/resolve/main/modules.json (Caused by ProxyError('Unable to connect to proxy', NewConnectionError('<urllib3.connection.HTTPSConnection object at 0x153fc62e2c30>: Failed to establish a new connection: [Errno 111] Connection refused')))"), '(Request ID: 5672eac4-b4f5-4504-baa1-1f3cb183b8b8)')' thrown while requesting HEAD https://hf-mirror.com/sentence-transformers/all-MiniLM-L6-v2/resolve/main/./modules.json
Retrying in 1s [Retry 1/5].
'(MaxRetryError("HTTPSConnectionPool(host='hf-mirror.com', port=443): Max retries exceeded with url: /sentence-transformers/all-MiniLM-L6-v2/resolve/main/modules.json (Caused by ProxyError('Unable to connect to proxy', NewConnectionError('<urllib3.connection.HTTPSConnection object at 0x153fc7cdcef0>: Failed to establish a new connection: [Errno 111] Connection refused')))"), '(Request ID: d0494069-ee60-476a-beb1-d39b16ff079b)')' thrown while requesting HEAD https://hf-mirror.com/sentence-transformers/all-MiniLM-L6-v2/resolve/main/./modules.json
Retrying in 2s [Retry 2/5].
'(MaxRetryError("HTTPSConnectionPool(host='hf-mirror.com', port=443): Max retries exceeded with url: /sentence-transformers/all-MiniLM-L6-v2/resolve/main/modules.json (Caused by ProxyError('Unable to connect to proxy', NewConnectionError('<urllib3.connection.HTTPSConnection object at 0x153fc62e2ab0>: Failed to establish a new connection: [Errno 111] Connection refused')))"), '(Request ID: 8865aac6-baab-485c-a0ca-fd6295b338aa)')' thrown while requesting HEAD https://hf-mirror.com/sentence-transformers/all-MiniLM-L6-v2/resolve/main/./modules.json
Retrying in 4s [Retry 3/5].
'(MaxRetryError("HTTPSConnectionPool(host='hf-mirror.com', port=443): Max retries exceeded with url: /sentence-transformers/all-MiniLM-L6-v2/resolve/main/modules.json (Caused by ProxyError('Unable to connect to proxy', NewConnectionError('<urllib3.connection.HTTPSConnection object at 0x153fc62e3080>: Failed to establish a new connection: [Errno 111] Connection refused')))"), '(Request ID: a86b25a0-d451-4abf-8087-eff8c5569f66)')' thrown while requesting HEAD https://hf-mirror.com/sentence-transformers/all-MiniLM-L6-v2/resolve/main/./modules.json
Retrying in 8s [Retry 4/5].
'(MaxRetryError("HTTPSConnectionPool(host='hf-mirror.com', port=443): Max retries exceeded with url: /sentence-transformers/all-MiniLM-L6-v2/resolve/main/modules.json (Caused by ProxyError('Unable to connect to proxy', NewConnectionError('<urllib3.connection.HTTPSConnection object at 0x153fc62e3320>: Failed to establish a new connection: [Errno 111] Connection refused')))"), '(Request ID: 6cf47c8c-27a6-4c28-80f8-94112b4f92c1)')' thrown while requesting HEAD https://hf-mirror.com/sentence-transformers/all-MiniLM-L6-v2/resolve/main/./modules.json
Retrying in 8s [Retry 5/5].
'(MaxRetryError("HTTPSConnectionPool(host='hf-mirror.com', port=443): Max retries exceeded with url: /sentence-transformers/all-MiniLM-L6-v2/resolve/main/modules.json (Caused by ProxyError('Unable to connect to proxy', NewConnectionError('<urllib3.connection.HTTPSConnection object at 0x153fc62e35c0>: Failed to establish a new connection: [Errno 111] Connection refused')))"), '(Request ID: 74dd9d98-afe1-49f6-895f-285179cb3cad)')' thrown while requesting HEAD https://hf-mirror.com/sentence-transformers/all-MiniLM-L6-v2/resolve/main/./modules.json
No sentence-transformers model found with name sentence-transformers/all-MiniLM-L6-v2. Creating a new one with mean pooling.
'(MaxRetryError("HTTPSConnectionPool(host='hf-mirror.com', port=443): Max retries exceeded with url: /sentence-transformers/all-MiniLM-L6-v2/resolve/main/adapter_config.json (Caused by ProxyError('Unable to connect to proxy', NewConnectionError('<urllib3.connection.HTTPSConnection object at 0x153fc62e3b90>: Failed to establish a new connection: [Errno 111] Connection refused')))"), '(Request ID: 0d586296-e991-4918-8ab6-c4f264aacdb9)')' thrown while requesting HEAD https://hf-mirror.com/sentence-transformers/all-MiniLM-L6-v2/resolve/main/adapter_config.json
Retrying in 1s [Retry 1/5].
'(MaxRetryError("HTTPSConnectionPool(host='hf-mirror.com', port=443): Max retries exceeded with url: /sentence-transformers/all-MiniLM-L6-v2/resolve/main/adapter_config.json (Caused by ProxyError('Unable to connect to proxy', NewConnectionError('<urllib3.connection.HTTPSConnection object at 0x153fc62e3f80>: Failed to establish a new connection: [Errno 111] Connection refused')))"), '(Request ID: 2d32ee90-9fc4-4eae-b27a-8ff12d26edc4)')' thrown while requesting HEAD https://hf-mirror.com/sentence-transformers/all-MiniLM-L6-v2/resolve/main/adapter_config.json
Retrying in 2s [Retry 2/5].
'(MaxRetryError("HTTPSConnectionPool(host='hf-mirror.com', port=443): Max retries exceeded with url: /sentence-transformers/all-MiniLM-L6-v2/resolve/main/adapter_config.json (Caused by ProxyError('Unable to connect to proxy', NewConnectionError('<urllib3.connection.HTTPSConnection object at 0x153fc632c140>: Failed to establish a new connection: [Errno 111] Connection refused')))"), '(Request ID: 741bff71-df86-409c-95e0-60e28bc0b967)')' thrown while requesting HEAD https://hf-mirror.com/sentence-transformers/all-MiniLM-L6-v2/resolve/main/adapter_config.json
Retrying in 4s [Retry 3/5].
'(MaxRetryError("HTTPSConnectionPool(host='hf-mirror.com', port=443): Max retries exceeded with url: /sentence-transformers/all-MiniLM-L6-v2/resolve/main/adapter_config.json (Caused by ProxyError('Unable to connect to proxy', NewConnectionError('<urllib3.connection.HTTPSConnection object at 0x153fc632c590>: Failed to establish a new connection: [Errno 111] Connection refused')))"), '(Request ID: 0739a2f1-c95c-457f-8db4-8c113e72fba5)')' thrown while requesting HEAD https://hf-mirror.com/sentence-transformers/all-MiniLM-L6-v2/resolve/main/adapter_config.json
Retrying in 8s [Retry 4/5].
'(MaxRetryError("HTTPSConnectionPool(host='hf-mirror.com', port=443): Max retries exceeded with url: /sentence-transformers/all-MiniLM-L6-v2/resolve/main/adapter_config.json (Caused by ProxyError('Unable to connect to proxy', NewConnectionError('<urllib3.connection.HTTPSConnection object at 0x153fc632c830>: Failed to establish a new connection: [Errno 111] Connection refused')))"), '(Request ID: 77f25297-4276-4aa4-9cc9-c2e0f46b8fee)')' thrown while requesting HEAD https://hf-mirror.com/sentence-transformers/all-MiniLM-L6-v2/resolve/main/adapter_config.json
Retrying in 8s [Retry 5/5].
'(MaxRetryError("HTTPSConnectionPool(host='hf-mirror.com', port=443): Max retries exceeded with url: /sentence-transformers/all-MiniLM-L6-v2/resolve/main/adapter_config.json (Caused by ProxyError('Unable to connect to proxy', NewConnectionError('<urllib3.connection.HTTPSConnection object at 0x153fc62e3f20>: Failed to establish a new connection: [Errno 111] Connection refused')))"), '(Request ID: 394642fa-3414-494f-b9e3-201ecceb83dd)')' thrown while requesting HEAD https://hf-mirror.com/sentence-transformers/all-MiniLM-L6-v2/resolve/main/adapter_config.json
Loading shots...
Loading 2065 shots from /public_hw/home/cit_shifangzhao/zsf/VideoCuttingAgent/video_database/Database/Batman_Begins_2005_1080p_BluRay_x264_YIFY/captions/ckpt...
Total shots loaded: 2065
Loading SBERT model (all-MiniLM-L6-v2)...
Traceback (most recent call last):
  File "/public_hw/home/cit_shifangzhao/miniconda3/envs/VCA/lib/python3.12/site-packages/urllib3/connection.py", line 198, in _new_conn
    sock = connection.create_connection(
           ^^^^^^^^^^^^^^^^^^^^^^^^^^^^^
  File "/public_hw/home/cit_shifangzhao/miniconda3/envs/VCA/lib/python3.12/site-packages/urllib3/util/connection.py", line 85, in create_connection
    raise err
  File "/public_hw/home/cit_shifangzhao/miniconda3/envs/VCA/lib/python3.12/site-packages/urllib3/util/connection.py", line 73, in create_connection
    sock.connect(sa)
ConnectionRefusedError: [Errno 111] Connection refused

The above exception was the direct cause of the following exception:

Traceback (most recent call last):
  File "/public_hw/home/cit_shifangzhao/miniconda3/envs/VCA/lib/python3.12/site-packages/urllib3/connectionpool.py", line 773, in urlopen
    self._prepare_proxy(conn)
  File "/public_hw/home/cit_shifangzhao/miniconda3/envs/VCA/lib/python3.12/site-packages/urllib3/connectionpool.py", line 1042, in _prepare_proxy
    conn.connect()
  File "/public_hw/home/cit_shifangzhao/miniconda3/envs/VCA/lib/python3.12/site-packages/urllib3/connection.py", line 753, in connect
    self.sock = sock = self._new_conn()
                       ^^^^^^^^^^^^^^^^
  File "/public_hw/home/cit_shifangzhao/miniconda3/envs/VCA/lib/python3.12/site-packages/urllib3/connection.py", line 213, in _new_conn
    raise NewConnectionError(
urllib3.exceptions.NewConnectionError: <urllib3.connection.HTTPSConnection object at 0x153fc62e3f20>: Failed to establish a new connection: [Errno 111] Connection refused

The above exception was the direct cause of the following exception:

urllib3.exceptions.ProxyError: ('Unable to connect to proxy', NewConnectionError('<urllib3.connection.HTTPSConnection object at 0x153fc62e3f20>: Failed to establish a new connection: [Errno 111] Connection refused'))

The above exception was the direct cause of the following exception:

Traceback (most recent call last):
  File "/public_hw/home/cit_shifangzhao/miniconda3/envs/VCA/lib/python3.12/site-packages/requests/adapters.py", line 644, in send
    resp = conn.urlopen(
           ^^^^^^^^^^^^^
  File "/public_hw/home/cit_shifangzhao/miniconda3/envs/VCA/lib/python3.12/site-packages/urllib3/connectionpool.py", line 841, in urlopen
    retries = retries.increment(
              ^^^^^^^^^^^^^^^^^^
  File "/public_hw/home/cit_shifangzhao/miniconda3/envs/VCA/lib/python3.12/site-packages/urllib3/util/retry.py", line 519, in increment
    raise MaxRetryError(_pool, url, reason) from reason  # type: ignore[arg-type]
    ^^^^^^^^^^^^^^^^^^^^^^^^^^^^^^^^^^^^^^^^^^^^^^^^^^^
urllib3.exceptions.MaxRetryError: HTTPSConnectionPool(host='hf-mirror.com', port=443): Max retries exceeded with url: /sentence-transformers/all-MiniLM-L6-v2/resolve/main/adapter_config.json (Caused by ProxyError('Unable to connect to proxy', NewConnectionError('<urllib3.connection.HTTPSConnection object at 0x153fc62e3f20>: Failed to establish a new connection: [Errno 111] Connection refused')))

During handling of the above exception, another exception occurred:

Traceback (most recent call last):
  File "/public_hw/home/cit_shifangzhao/zsf/VideoCuttingAgent/vca/build_database/scene_merge.py", line 390, in <module>
    main()
  File "/public_hw/home/cit_shifangzhao/zsf/VideoCuttingAgent/vca/build_database/scene_merge.py", line 375, in main
    segmenter = OptimizedSceneSegmenter()
                ^^^^^^^^^^^^^^^^^^^^^^^^^
  File "/public_hw/home/cit_shifangzhao/zsf/VideoCuttingAgent/vca/build_database/scene_merge.py", line 20, in __init__
    self.encoder = SentenceTransformer(model_name)
                   ^^^^^^^^^^^^^^^^^^^^^^^^^^^^^^^
  File "/public_hw/home/cit_shifangzhao/miniconda3/envs/VCA/lib/python3.12/site-packages/sentence_transformers/SentenceTransformer.py", line 339, in __init__
    modules = self._load_auto_model(
              ^^^^^^^^^^^^^^^^^^^^^^
  File "/public_hw/home/cit_shifangzhao/miniconda3/envs/VCA/lib/python3.12/site-packages/sentence_transformers/SentenceTransformer.py", line 2112, in _load_auto_model
    transformer_model = Transformer(
                        ^^^^^^^^^^^^
  File "/public_hw/home/cit_shifangzhao/miniconda3/envs/VCA/lib/python3.12/site-packages/sentence_transformers/models/Transformer.py", line 88, in __init__
    config, is_peft_model = self._load_config(model_name_or_path, cache_dir, backend, config_args)
                            ^^^^^^^^^^^^^^^^^^^^^^^^^^^^^^^^^^^^^^^^^^^^^^^^^^^^^^^^^^^^^^^^^^^^^^
  File "/public_hw/home/cit_shifangzhao/miniconda3/envs/VCA/lib/python3.12/site-packages/sentence_transformers/models/Transformer.py", line 139, in _load_config
    find_adapter_config_file(
  File "/public_hw/home/cit_shifangzhao/miniconda3/envs/VCA/lib/python3.12/site-packages/transformers/utils/peft_utils.py", line 88, in find_adapter_config_file
    adapter_cached_filename = cached_file(
                              ^^^^^^^^^^^^
  File "/public_hw/home/cit_shifangzhao/miniconda3/envs/VCA/lib/python3.12/site-packages/transformers/utils/hub.py", line 322, in cached_file
    file = cached_files(path_or_repo_id=path_or_repo_id, filenames=[filename], **kwargs)
           ^^^^^^^^^^^^^^^^^^^^^^^^^^^^^^^^^^^^^^^^^^^^^^^^^^^^^^^^^^^^^^^^^^^^^^^^^^^^^
  File "/public_hw/home/cit_shifangzhao/miniconda3/envs/VCA/lib/python3.12/site-packages/transformers/utils/hub.py", line 567, in cached_files
    raise e
  File "/public_hw/home/cit_shifangzhao/miniconda3/envs/VCA/lib/python3.12/site-packages/transformers/utils/hub.py", line 479, in cached_files
    hf_hub_download(
  File "/public_hw/home/cit_shifangzhao/miniconda3/envs/VCA/lib/python3.12/site-packages/huggingface_hub/utils/_validators.py", line 114, in _inner_fn
    return fn(*args, **kwargs)
           ^^^^^^^^^^^^^^^^^^^
  File "/public_hw/home/cit_shifangzhao/miniconda3/envs/VCA/lib/python3.12/site-packages/huggingface_hub/file_download.py", line 1007, in hf_hub_download
    return _hf_hub_download_to_cache_dir(
           ^^^^^^^^^^^^^^^^^^^^^^^^^^^^^^
  File "/public_hw/home/cit_shifangzhao/miniconda3/envs/VCA/lib/python3.12/site-packages/huggingface_hub/file_download.py", line 1070, in _hf_hub_download_to_cache_dir
    (url_to_download, etag, commit_hash, expected_size, xet_file_data, head_call_error) = _get_metadata_or_catch_error(
                                                                                          ^^^^^^^^^^^^^^^^^^^^^^^^^^^^^
  File "/public_hw/home/cit_shifangzhao/miniconda3/envs/VCA/lib/python3.12/site-packages/huggingface_hub/file_download.py", line 1543, in _get_metadata_or_catch_error
    metadata = get_hf_file_metadata(
               ^^^^^^^^^^^^^^^^^^^^^
  File "/public_hw/home/cit_shifangzhao/miniconda3/envs/VCA/lib/python3.12/site-packages/huggingface_hub/utils/_validators.py", line 114, in _inner_fn
    return fn(*args, **kwargs)
           ^^^^^^^^^^^^^^^^^^^
  File "/public_hw/home/cit_shifangzhao/miniconda3/envs/VCA/lib/python3.12/site-packages/huggingface_hub/file_download.py", line 1460, in get_hf_file_metadata
    r = _request_wrapper(
        ^^^^^^^^^^^^^^^^^
  File "/public_hw/home/cit_shifangzhao/miniconda3/envs/VCA/lib/python3.12/site-packages/huggingface_hub/file_download.py", line 283, in _request_wrapper
    response = _request_wrapper(
               ^^^^^^^^^^^^^^^^^
  File "/public_hw/home/cit_shifangzhao/miniconda3/envs/VCA/lib/python3.12/site-packages/huggingface_hub/file_download.py", line 306, in _request_wrapper
    response = http_backoff(method=method, url=url, **params)
               ^^^^^^^^^^^^^^^^^^^^^^^^^^^^^^^^^^^^^^^^^^^^^^
  File "/public_hw/home/cit_shifangzhao/miniconda3/envs/VCA/lib/python3.12/site-packages/huggingface_hub/utils/_http.py", line 325, in http_backoff
    raise err
  File "/public_hw/home/cit_shifangzhao/miniconda3/envs/VCA/lib/python3.12/site-packages/huggingface_hub/utils/_http.py", line 306, in http_backoff
    response = session.request(method=method, url=url, **kwargs)
               ^^^^^^^^^^^^^^^^^^^^^^^^^^^^^^^^^^^^^^^^^^^^^^^^^
  File "/public_hw/home/cit_shifangzhao/miniconda3/envs/VCA/lib/python3.12/site-packages/requests/sessions.py", line 589, in request
    resp = self.send(prep, **send_kwargs)
           ^^^^^^^^^^^^^^^^^^^^^^^^^^^^^^
  File "/public_hw/home/cit_shifangzhao/miniconda3/envs/VCA/lib/python3.12/site-packages/requests/sessions.py", line 703, in send
    r = adapter.send(request, **kwargs)
        ^^^^^^^^^^^^^^^^^^^^^^^^^^^^^^^
  File "/public_hw/home/cit_shifangzhao/miniconda3/envs/VCA/lib/python3.12/site-packages/huggingface_hub/utils/_http.py", line 95, in send
    return super().send(request, *args, **kwargs)
           ^^^^^^^^^^^^^^^^^^^^^^^^^^^^^^^^^^^^^^
  File "/public_hw/home/cit_shifangzhao/miniconda3/envs/VCA/lib/python3.12/site-packages/requests/adapters.py", line 671, in send
    raise ProxyError(e, request=request)
requests.exceptions.ProxyError: (MaxRetryError("HTTPSConnectionPool(host='hf-mirror.com', port=443): Max retries exceeded with url: /sentence-transformers/all-MiniLM-L6-v2/resolve/main/adapter_config.json (Caused by ProxyError('Unable to connect to proxy', NewConnectionError('<urllib3.connection.HTTPSConnection object at 0x153fc62e3f20>: Failed to establish a new connection: [Errno 111] Connection refused')))"), '(Request ID: 394642fa-3414-494f-b9e3-201ecceb83dd)')
========================================================
End time: 2025年 12月 17日 星期三 15:15:12 CST
========================================================
